<?xml version="1.0" encoding="UTF-8"?>
<testsuite xmlns:xsi="http://www.w3.org/2001/XMLSchema-instance" xsi:noNamespaceSchemaLocation="https://maven.apache.org/surefire/maven-surefire-plugin/xsd/surefire-test-report-3.0.xsd" version="3.0" name="school.sptech.exercicio.pokemon.TreinadorPokemonTest" time="0.042" tests="15" errors="0" skipped="0" failures="0">
  <properties>
[...]
</properties>
  <testcase name="evoluirPokemon(): Deve alterar o nome do pokémon para o novo nome" classname="school.sptech.exercicio.pokemon.TreinadorPokemonTest" time="0.005"/>
  <testcase name="batalhar(): Deve deixar o pokémon ferido caso perca a batalha" classname="school.sptech.exercicio.pokemon.TreinadorPokemonTest" time="0.002"/>
  <testcase name="evoluirPokemon(): Deve aumentar o nível do treinador em 10" classname="school.sptech.exercicio.pokemon.TreinadorPokemonTest" time="0.001"/>
  <testcase name="curarPokemon(): Deve curar o pokémon caso esteja ferido" classname="school.sptech.exercicio.pokemon.TreinadorPokemonTest" time="0.001"/>
  <testcase name="batalhar(): Deve aumentar a quantidade de doces caso ganhe a batalha" classname="school.sptech.exercicio.pokemon.TreinadorPokemonTest" time="0.003"/>
  <testcase name="treinarPokemon(): Deve aumentar a força do pokémon em 10%" classname="school.sptech.exercicio.pokemon.TreinadorPokemonTest" time="0.002"/>
  <testcase name="treinarPokemon(): Deve aumentar o nível do treinador em 2" classname="school.sptech.exercicio.pokemon.TreinadorPokemonTest" time="0.001"/>
  <testcase name="batalhar(): Deve aumentar o nível do treinador caso ganhe a batalha" classname="school.sptech.exercicio.pokemon.TreinadorPokemonTest" time="0.003"/>
  <testcase name="evoluirPokemon(): Não deve fazer nada caso número de doces for menor que 50" classname="school.sptech.exercicio.pokemon.TreinadorPokemonTest" time="0.001"/>
  <testcase name="treinarPokemon(): Deve aumentar a quantidade de doces em 10" classname="school.sptech.exercicio.pokemon.TreinadorPokemonTest" time="0"/>
  <testcase name="curarPokemon(): Não deve fazer nada caso o pokémon não esteja ferido" classname="school.sptech.exercicio.pokemon.TreinadorPokemonTest" time="0.001"/>
  <testcase name="batalhar(): Deve aumentar a força do pokemon caso ganhe a batalha" classname="school.sptech.exercicio.pokemon.TreinadorPokemonTest" time="0"/>
  <testcase name="batalhar(): Não deve fazer nada caso o pokémon esteja ferido" classname="school.sptech.exercicio.pokemon.TreinadorPokemonTest" time="0.001"/>
  <testcase name="evoluirPokemon(): Deve dobrar a força do pokémon" classname="school.sptech.exercicio.pokemon.TreinadorPokemonTest" time="0.002"/>
  <testcase name="evoluirPokemon(): Deve diminuir o número de doces do pokémon" classname="school.sptech.exercicio.pokemon.TreinadorPokemonTest" time="0.002"/>
</testsuite>